Using pre-set license
Built from '2020.3/staging' branch; Version is '2020.3.10f1 (297d780c91bc) revision 2719096'; Using compiler version '192528614'; Build Type 'Release'
OS: 'Windows 10 Pro; OS build 19042.1348; Version 2009; 64bit' Language: 'en' Physical Memory: 32711 MB
BatchMode: 1, IsHumanControllingUs: 0, StartBugReporterOnCrash: 0, Is64bit: 1, IsPro: 0

 COMMAND LINE ARGUMENTS:
D:\Program Files\2020.3.10f1\Editor\Unity.exe
-adb2
-batchMode
-noUpm
-name
AssetImportWorker4
-projectPath
D:/Morga/Documents/Roll-a-Ball
-logFile
Logs/AssetImportWorker4.log
-srvPort
54431
Successfully changed project path to: D:/Morga/Documents/Roll-a-Ball
D:/Morga/Documents/Roll-a-Ball
Using Asset Import Pipeline V2.
Refreshing native plugins compatible for Editor in 68.04 ms, found 2 plugins.
Preloading 0 native plugins for Editor in 0.00 ms.
Initialize engine version: 2020.3.10f1 (297d780c91bc)
[Subsystems] Discovering subsystems at path D:/Program Files/2020.3.10f1/Editor/Data/Resources/UnitySubsystems
[Subsystems] Discovering subsystems at path D:/Morga/Documents/Roll-a-Ball/Assets
GfxDevice: creating device client; threaded=0
Direct3D:
    Version:  Direct3D 11.0 [level 11.1]
    Renderer: NVIDIA GeForce GTX 1050 Ti (ID=0x1c82)
    Vendor:   
    VRAM:     4018 MB
    Driver:   27.21.14.6109
Initialize mono
Mono path[0] = 'D:/Program Files/2020.3.10f1/Editor/Data/Managed'
Mono path[1] = 'D:/Program Files/2020.3.10f1/Editor/Data/MonoBleedingEdge/lib/mono/unityjit'
Mono config path = 'D:/Program Files/2020.3.10f1/Editor/Data/MonoBleedingEdge/etc'
Using monoOptions --debugger-agent=transport=dt_socket,embedding=1,server=y,suspend=n,address=127.0.0.1:56096
Begin MonoManager ReloadAssembly
Registering precompiled unity dll's ...
Register platform support module: D:/Program Files/2020.3.10f1/Editor/Data/PlaybackEngines/WebGLSupport/UnityEditor.WebGL.Extensions.dll
Register platform support module: D:/Program Files/2020.3.10f1/Editor/Data/PlaybackEngines/WindowsStandaloneSupport/UnityEditor.WindowsStandalone.Extensions.dll
Registered in 0.007576 seconds.
Native extension for WindowsStandalone target not found
Native extension for WebGL target not found
Refreshing native plugins compatible for Editor in 52.76 ms, found 2 plugins.
Preloading 0 native plugins for Editor in 0.00 ms.
Mono: successfully reloaded assembly
- Completed reload, in  3.584 seconds
Platform modules already initialized, skipping
Registering precompiled user dll's ...
Registered in 0.011204 seconds.
Begin MonoManager ReloadAssembly
Native extension for WindowsStandalone target not found
Native extension for WebGL target not found
Refreshing native plugins compatible for Editor in 64.71 ms, found 2 plugins.
Preloading 0 native plugins for Editor in 0.00 ms.
Mono: successfully reloaded assembly
- Completed reload, in  1.697 seconds
Platform modules already initialized, skipping
========================================================================
Worker process is ready to serve import requests
Shader 'Universal Render Pipeline/Particles/Lit': fallback shader 'Universal Render Pipeline/Particles/SimpleLit' not found
Shader 'Universal Render Pipeline/Particles/Lit': fallback shader 'Universal Render Pipeline/Particles/SimpleLit' not found
Launched and connected shader compiler UnityShaderCompiler.exe after 0.14 seconds
Refreshing native plugins compatible for Editor in 0.51 ms, found 2 plugins.
Preloading 0 native plugins for Editor in 0.00 ms.
Unloading 2692 Unused Serialized files (Serialized files now loaded: 0)
System memory in use before: 121.7 MB.
System memory in use after: 118.9 MB.

Unloading 54 unused Assets to reduce memory usage. Loaded Objects now: 3091.
Total: 4.868600 ms (FindLiveObjects: 0.293500 ms CreateObjectMapping: 0.192800 ms MarkObjects: 3.035100 ms  DeleteObjects: 1.345100 ms)

========================================================================
Received Import Request.
  path: Assets/Readme.asset
  artifactKey: Guid(83c2ed844a8c74b779a4c823d16594b1) Importer(815301076,1909f56bfc062723c751e8b465ee728b)
Start importing Assets/Readme.asset using Guid(83c2ed844a8c74b779a4c823d16594b1) Importer(815301076,1909f56bfc062723c751e8b465ee728b)  -> (artifact id: '8ffd2c44ffeb50c574abb5d0c4453328') in 0.064636 seconds
  Import took 0.084281 seconds .

========================================================================
Received Import Request.
  Time since last request: 22.657988 seconds.
  path: Assets/Scenes
  artifactKey: Guid(50755df9cccd6124fbd4abbd5efa5810) Importer(815301076,1909f56bfc062723c751e8b465ee728b)
Start importing Assets/Scenes using Guid(50755df9cccd6124fbd4abbd5efa5810) Importer(815301076,1909f56bfc062723c751e8b465ee728b)  -> (artifact id: '6573fd5d2250ec5878d1a89f148f9525') in 0.011926 seconds
  Import took 0.023083 seconds .

========================================================================
Received Import Request.
  Time since last request: 0.018224 seconds.
  path: Assets/Scenes
  artifactKey: Guid(50755df9cccd6124fbd4abbd5efa5810) Importer(815301076,1909f56bfc062723c751e8b465ee728b)
Start importing Assets/Scenes using Guid(50755df9cccd6124fbd4abbd5efa5810) Importer(815301076,1909f56bfc062723c751e8b465ee728b)  -> (artifact id: '6573fd5d2250ec5878d1a89f148f9525') in 0.018002 seconds
  Import took 0.030968 seconds .

========================================================================
Received Import Request.
  Time since last request: 34.728018 seconds.
  path: Assets/Scenes/GameScene.unity
  artifactKey: Guid(416d7493374d5004cb94d6cd921fd8e7) Importer(815301076,1909f56bfc062723c751e8b465ee728b)
Start importing Assets/Scenes/GameScene.unity using Guid(416d7493374d5004cb94d6cd921fd8e7) Importer(815301076,1909f56bfc062723c751e8b465ee728b)  -> (artifact id: '7626224ad586bfa3cd86fc603ee973da') in 0.015383 seconds
  Import took 0.030967 seconds .

========================================================================
Received Import Request.
  Time since last request: 1096.299539 seconds.
  path: Assets/Materials
  artifactKey: Guid(d0234ba368eeec9418390da711bfdad0) Importer(815301076,1909f56bfc062723c751e8b465ee728b)
Start importing Assets/Materials using Guid(d0234ba368eeec9418390da711bfdad0) Importer(815301076,1909f56bfc062723c751e8b465ee728b)  -> (artifact id: 'dd1fccef896d48891410691dfde716e5') in 0.010378 seconds
  Import took 0.024445 seconds .

========================================================================
Received Import Request.
  Time since last request: 0.033067 seconds.
  path: Assets/Materials/Skybox_Mat.mat
  artifactKey: Guid(0ffaa0b7117ba8c47a9d05ae701d4b4d) Importer(815301076,1909f56bfc062723c751e8b465ee728b)
Start importing Assets/Materials/Skybox_Mat.mat using Guid(0ffaa0b7117ba8c47a9d05ae701d4b4d) Importer(815301076,1909f56bfc062723c751e8b465ee728b)  -> (artifact id: '4d54ab3375f41efad00566dcae11def2') in 0.316483 seconds
  Import took 0.328887 seconds .

========================================================================
Received Import Request.
  Time since last request: 48.235805 seconds.
  path: Assets/Materials/Player.mat
  artifactKey: Guid(f1f253309367d564b86ea67d98e039f4) Importer(815301076,1909f56bfc062723c751e8b465ee728b)
Start importing Assets/Materials/Player.mat using Guid(f1f253309367d564b86ea67d98e039f4) Importer(815301076,1909f56bfc062723c751e8b465ee728b)  -> (artifact id: '8ea5b76c9f75214d57fa349cffc98d1e') in 0.142767 seconds
  Import took 0.147946 seconds .

========================================================================
Received Import Request.
  Time since last request: 113.319028 seconds.
  path: Assets/Materials/Ground.mat
  artifactKey: Guid(8511f4dea01ee7f478b920dd625a2d2a) Importer(815301076,1909f56bfc062723c751e8b465ee728b)
Start importing Assets/Materials/Ground.mat using Guid(8511f4dea01ee7f478b920dd625a2d2a) Importer(815301076,1909f56bfc062723c751e8b465ee728b)  -> (artifact id: 'ee1b49c63213d789813fdac306944924') in 0.042900 seconds
  Import took 0.054709 seconds .

========================================================================
Received Import Request.
  Time since last request: 0.000286 seconds.
  path: Assets/Materials/Player.mat
  artifactKey: Guid(f1f253309367d564b86ea67d98e039f4) Importer(815301076,1909f56bfc062723c751e8b465ee728b)
Start importing Assets/Materials/Player.mat using Guid(f1f253309367d564b86ea67d98e039f4) Importer(815301076,1909f56bfc062723c751e8b465ee728b)  -> (artifact id: '09d64858af67140168c7b70c65386da8') in 0.019581 seconds
  Import took 0.024586 seconds .

========================================================================
Received Import Request.
  Time since last request: 224.152749 seconds.
  path: Assets/Scripts
  artifactKey: Guid(02a3527b6b33a924e8ec66aa805ea717) Importer(815301076,1909f56bfc062723c751e8b465ee728b)
Start importing Assets/Scripts using Guid(02a3527b6b33a924e8ec66aa805ea717) Importer(815301076,1909f56bfc062723c751e8b465ee728b)  -> (artifact id: 'f0a913a0049096cde5d6a727232f232f') in 0.011372 seconds
  Import took 0.032650 seconds .

========================================================================
Received Import Request.
  Time since last request: 1.705018 seconds.
  path: Assets/Scripts/SimpleCameraController.cs
  artifactKey: Guid(be76e5f14cfee674cb30b491fb72b09b) Importer(815301076,1909f56bfc062723c751e8b465ee728b)
Start importing Assets/Scripts/SimpleCameraController.cs using Guid(be76e5f14cfee674cb30b491fb72b09b) Importer(815301076,1909f56bfc062723c751e8b465ee728b)  -> (artifact id: '22f43657664d19fbc476a42e0fad91a9') in 0.095156 seconds
  Import took 0.108742 seconds .

========================================================================
Received Import Request.
  Time since last request: 14.897326 seconds.
  path: Assets/Scripts/PlayerMovement.cs
  artifactKey: Guid(7543e72f5650dd04baa80a47695b4333) Importer(815301076,1909f56bfc062723c751e8b465ee728b)
Start importing Assets/Scripts/PlayerMovement.cs using Guid(7543e72f5650dd04baa80a47695b4333) Importer(815301076,1909f56bfc062723c751e8b465ee728b)  -> (artifact id: 'a3d8e37b61461a12e7a201b188954a69') in 0.018168 seconds
  Import took 0.027740 seconds .

========================================================================
Received Prepare
Registering precompiled user dll's ...
Registered in 0.011701 seconds.
Begin MonoManager ReloadAssembly
Native extension for WindowsStandalone target not found
Native extension for WebGL target not found
Refreshing native plugins compatible for Editor in 0.49 ms, found 2 plugins.
Preloading 0 native plugins for Editor in 0.00 ms.
Mono: successfully reloaded assembly
- Completed reload, in  1.498 seconds
Platform modules already initialized, skipping
Shader 'Universal Render Pipeline/Particles/Lit': fallback shader 'Universal Render Pipeline/Particles/SimpleLit' not found
Shader 'Universal Render Pipeline/Particles/Lit': fallback shader 'Universal Render Pipeline/Particles/SimpleLit' not found
Refreshing native plugins compatible for Editor in 0.85 ms, found 2 plugins.
Preloading 0 native plugins for Editor in 0.00 ms.
Unloading 2618 Unused Serialized files (Serialized files now loaded: 0)
System memory in use before: 123.5 MB.
System memory in use after: 120.8 MB.

Unloading 49 unused Assets to reduce memory usage. Loaded Objects now: 3173.
Total: 4.294900 ms (FindLiveObjects: 0.376500 ms CreateObjectMapping: 0.220400 ms MarkObjects: 2.342900 ms  DeleteObjects: 1.353300 ms)

========================================================================
Received Prepare
Registering precompiled user dll's ...
Registered in 0.010161 seconds.
Begin MonoManager ReloadAssembly
Native extension for WindowsStandalone target not found
Native extension for WebGL target not found
Refreshing native plugins compatible for Editor in 0.64 ms, found 2 plugins.
Preloading 0 native plugins for Editor in 0.00 ms.
Mono: successfully reloaded assembly
- Completed reload, in  1.402 seconds
Platform modules already initialized, skipping
Shader 'Universal Render Pipeline/Particles/Lit': fallback shader 'Universal Render Pipeline/Particles/SimpleLit' not found
Shader 'Universal Render Pipeline/Particles/Lit': fallback shader 'Universal Render Pipeline/Particles/SimpleLit' not found
Refreshing native plugins compatible for Editor in 0.58 ms, found 2 plugins.
Preloading 0 native plugins for Editor in 0.00 ms.
Unloading 2618 Unused Serialized files (Serialized files now loaded: 0)
System memory in use before: 123.5 MB.
System memory in use after: 120.8 MB.

Unloading 49 unused Assets to reduce memory usage. Loaded Objects now: 3176.
Total: 4.691200 ms (FindLiveObjects: 0.305500 ms CreateObjectMapping: 0.147200 ms MarkObjects: 2.108400 ms  DeleteObjects: 2.128200 ms)

========================================================================
Received Import Request.
  Time since last request: 386.877316 seconds.
  path: Assets/Scripts/PlayerMovement.cs
  artifactKey: Guid(7543e72f5650dd04baa80a47695b4333) Importer(815301076,1909f56bfc062723c751e8b465ee728b)
Start importing Assets/Scripts/PlayerMovement.cs using Guid(7543e72f5650dd04baa80a47695b4333) Importer(815301076,1909f56bfc062723c751e8b465ee728b)  -> (artifact id: 'ea17069d1ca60d943ecf249e75fb7fcc') in 0.011995 seconds
  Import took 0.036107 seconds .

========================================================================
Received Prepare
Registering precompiled user dll's ...
Registered in 0.011451 seconds.
Begin MonoManager ReloadAssembly
Native extension for WindowsStandalone target not found
Native extension for WebGL target not found
Refreshing native plugins compatible for Editor in 1.10 ms, found 2 plugins.
Preloading 0 native plugins for Editor in 0.00 ms.
Mono: successfully reloaded assembly
- Completed reload, in  1.485 seconds
Platform modules already initialized, skipping
Shader 'Universal Render Pipeline/Particles/Lit': fallback shader 'Universal Render Pipeline/Particles/SimpleLit' not found
Shader 'Universal Render Pipeline/Particles/Lit': fallback shader 'Universal Render Pipeline/Particles/SimpleLit' not found
Refreshing native plugins compatible for Editor in 0.54 ms, found 2 plugins.
Preloading 0 native plugins for Editor in 0.00 ms.
Unloading 2618 Unused Serialized files (Serialized files now loaded: 0)
System memory in use before: 123.6 MB.
System memory in use after: 120.8 MB.

Unloading 49 unused Assets to reduce memory usage. Loaded Objects now: 3179.
Total: 4.730400 ms (FindLiveObjects: 0.347300 ms CreateObjectMapping: 0.160800 ms MarkObjects: 2.144800 ms  DeleteObjects: 2.075800 ms)

========================================================================
Received Prepare
Registering precompiled user dll's ...
Registered in 0.010476 seconds.
Begin MonoManager ReloadAssembly
Native extension for WindowsStandalone target not found
Native extension for WebGL target not found
Refreshing native plugins compatible for Editor in 0.60 ms, found 2 plugins.
Preloading 0 native plugins for Editor in 0.00 ms.
Mono: successfully reloaded assembly
- Completed reload, in  1.478 seconds
Platform modules already initialized, skipping
Shader 'Universal Render Pipeline/Particles/Lit': fallback shader 'Universal Render Pipeline/Particles/SimpleLit' not found
Shader 'Universal Render Pipeline/Particles/Lit': fallback shader 'Universal Render Pipeline/Particles/SimpleLit' not found
Refreshing native plugins compatible for Editor in 0.52 ms, found 2 plugins.
Preloading 0 native plugins for Editor in 0.00 ms.
Unloading 2618 Unused Serialized files (Serialized files now loaded: 0)
System memory in use before: 123.7 MB.
System memory in use after: 120.9 MB.

Unloading 49 unused Assets to reduce memory usage. Loaded Objects now: 3182.
Total: 4.799900 ms (FindLiveObjects: 0.333000 ms CreateObjectMapping: 0.148300 ms MarkObjects: 2.050200 ms  DeleteObjects: 2.266800 ms)

========================================================================
Received Prepare
Registering precompiled user dll's ...
Registered in 0.011238 seconds.
Begin MonoManager ReloadAssembly
Native extension for WindowsStandalone target not found
Native extension for WebGL target not found
Refreshing native plugins compatible for Editor in 0.60 ms, found 2 plugins.
Preloading 0 native plugins for Editor in 0.00 ms.
Mono: successfully reloaded assembly
- Completed reload, in  1.492 seconds
Platform modules already initialized, skipping
Shader 'Universal Render Pipeline/Particles/Lit': fallback shader 'Universal Render Pipeline/Particles/SimpleLit' not found
Shader 'Universal Render Pipeline/Particles/Lit': fallback shader 'Universal Render Pipeline/Particles/SimpleLit' not found
Refreshing native plugins compatible for Editor in 0.52 ms, found 2 plugins.
Preloading 0 native plugins for Editor in 0.00 ms.
Unloading 2618 Unused Serialized files (Serialized files now loaded: 0)
System memory in use before: 123.7 MB.
System memory in use after: 121.0 MB.

Unloading 49 unused Assets to reduce memory usage. Loaded Objects now: 3185.
Total: 5.663300 ms (FindLiveObjects: 0.309300 ms CreateObjectMapping: 0.150200 ms MarkObjects: 2.117900 ms  DeleteObjects: 3.084400 ms)

========================================================================
Received Prepare
Registering precompiled user dll's ...
Registered in 0.013686 seconds.
Begin MonoManager ReloadAssembly
Native extension for WindowsStandalone target not found
Native extension for WebGL target not found
Refreshing native plugins compatible for Editor in 0.95 ms, found 2 plugins.
Preloading 0 native plugins for Editor in 0.00 ms.
Mono: successfully reloaded assembly
- Completed reload, in  1.436 seconds
Platform modules already initialized, skipping
Shader 'Universal Render Pipeline/Particles/Lit': fallback shader 'Universal Render Pipeline/Particles/SimpleLit' not found
Shader 'Universal Render Pipeline/Particles/Lit': fallback shader 'Universal Render Pipeline/Particles/SimpleLit' not found
Refreshing native plugins compatible for Editor in 0.54 ms, found 2 plugins.
Preloading 0 native plugins for Editor in 0.00 ms.
Unloading 2618 Unused Serialized files (Serialized files now loaded: 0)
System memory in use before: 123.7 MB.
System memory in use after: 121.0 MB.

Unloading 49 unused Assets to reduce memory usage. Loaded Objects now: 3188.
Total: 4.247400 ms (FindLiveObjects: 0.301000 ms CreateObjectMapping: 0.155400 ms MarkObjects: 2.119400 ms  DeleteObjects: 1.670200 ms)

========================================================================
Received Prepare
Registering precompiled user dll's ...
Registered in 0.028753 seconds.
Begin MonoManager ReloadAssembly
Native extension for WindowsStandalone target not found
Native extension for WebGL target not found
Refreshing native plugins compatible for Editor in 1.08 ms, found 2 plugins.
Preloading 0 native plugins for Editor in 0.00 ms.
Mono: successfully reloaded assembly
- Completed reload, in  1.834 seconds
Platform modules already initialized, skipping
Shader 'Universal Render Pipeline/Particles/Lit': fallback shader 'Universal Render Pipeline/Particles/SimpleLit' not found
Shader 'Universal Render Pipeline/Particles/Lit': fallback shader 'Universal Render Pipeline/Particles/SimpleLit' not found
Refreshing native plugins compatible for Editor in 0.54 ms, found 2 plugins.
Preloading 0 native plugins for Editor in 0.00 ms.
Unloading 2618 Unused Serialized files (Serialized files now loaded: 0)
System memory in use before: 123.7 MB.
System memory in use after: 121.0 MB.

Unloading 49 unused Assets to reduce memory usage. Loaded Objects now: 3191.
Total: 6.054800 ms (FindLiveObjects: 0.302600 ms CreateObjectMapping: 0.147900 ms MarkObjects: 3.168000 ms  DeleteObjects: 2.434700 ms)

========================================================================
Received Import Request.
  Time since last request: 1017.398358 seconds.
  path: Assets/Scripts/CameraFollow.cs
  artifactKey: Guid(353b9a69b05e120469f9fcc7ca9b1641) Importer(815301076,1909f56bfc062723c751e8b465ee728b)
Start importing Assets/Scripts/CameraFollow.cs using Guid(353b9a69b05e120469f9fcc7ca9b1641) Importer(815301076,1909f56bfc062723c751e8b465ee728b)  -> (artifact id: 'c9ce6b89c33f5d4e003c69818c7ad0ad') in 0.029023 seconds
  Import took 0.035394 seconds .

========================================================================
Received Prepare
Registering precompiled user dll's ...
Registered in 0.016951 seconds.
Begin MonoManager ReloadAssembly
Native extension for WindowsStandalone target not found
Native extension for WebGL target not found
Refreshing native plugins compatible for Editor in 0.91 ms, found 2 plugins.
Preloading 0 native plugins for Editor in 0.00 ms.
Mono: successfully reloaded assembly
- Completed reload, in  1.542 seconds
Platform modules already initialized, skipping
Shader 'Universal Render Pipeline/Particles/Lit': fallback shader 'Universal Render Pipeline/Particles/SimpleLit' not found
Shader 'Universal Render Pipeline/Particles/Lit': fallback shader 'Universal Render Pipeline/Particles/SimpleLit' not found
Refreshing native plugins compatible for Editor in 0.53 ms, found 2 plugins.
Preloading 0 native plugins for Editor in 0.00 ms.
Unloading 2619 Unused Serialized files (Serialized files now loaded: 0)
System memory in use before: 123.8 MB.
System memory in use after: 121.0 MB.

Unloading 49 unused Assets to reduce memory usage. Loaded Objects now: 3195.
Total: 4.615400 ms (FindLiveObjects: 0.348300 ms CreateObjectMapping: 0.168800 ms MarkObjects: 2.157400 ms  DeleteObjects: 1.939000 ms)

========================================================================
Received Prepare
Registering precompiled user dll's ...
Registered in 0.009424 seconds.
Begin MonoManager ReloadAssembly
Native extension for WindowsStandalone target not found
Native extension for WebGL target not found
Refreshing native plugins compatible for Editor in 0.50 ms, found 2 plugins.
Preloading 0 native plugins for Editor in 0.00 ms.
Mono: successfully reloaded assembly
- Completed reload, in  1.299 seconds
Platform modules already initialized, skipping
Shader 'Universal Render Pipeline/Particles/Lit': fallback shader 'Universal Render Pipeline/Particles/SimpleLit' not found
Shader 'Universal Render Pipeline/Particles/Lit': fallback shader 'Universal Render Pipeline/Particles/SimpleLit' not found
Refreshing native plugins compatible for Editor in 0.62 ms, found 2 plugins.
Preloading 0 native plugins for Editor in 0.00 ms.
Unloading 2619 Unused Serialized files (Serialized files now loaded: 0)
System memory in use before: 123.7 MB.
System memory in use after: 121.0 MB.

Unloading 49 unused Assets to reduce memory usage. Loaded Objects now: 3198.
Total: 7.675600 ms (FindLiveObjects: 0.977100 ms CreateObjectMapping: 0.437000 ms MarkObjects: 2.613300 ms  DeleteObjects: 3.646500 ms)

========================================================================
Received Import Request.
  Time since last request: 70.138747 seconds.
  path: Assets/Scripts/CameraFollow.cs
  artifactKey: Guid(353b9a69b05e120469f9fcc7ca9b1641) Importer(815301076,1909f56bfc062723c751e8b465ee728b)
Start importing Assets/Scripts/CameraFollow.cs using Guid(353b9a69b05e120469f9fcc7ca9b1641) Importer(815301076,1909f56bfc062723c751e8b465ee728b)  -> (artifact id: '0a03df8acaa64e9be527cbe7673c8117') in 0.013436 seconds
  Import took 0.028713 seconds .

========================================================================
Received Prepare
Registering precompiled user dll's ...
Registered in 0.015051 seconds.
Begin MonoManager ReloadAssembly
Native extension for WindowsStandalone target not found
Native extension for WebGL target not found
Refreshing native plugins compatible for Editor in 1.16 ms, found 2 plugins.
Preloading 0 native plugins for Editor in 0.00 ms.
Mono: successfully reloaded assembly
- Completed reload, in  1.601 seconds
Platform modules already initialized, skipping
Shader 'Universal Render Pipeline/Particles/Lit': fallback shader 'Universal Render Pipeline/Particles/SimpleLit' not found
Shader 'Universal Render Pipeline/Particles/Lit': fallback shader 'Universal Render Pipeline/Particles/SimpleLit' not found
Refreshing native plugins compatible for Editor in 0.51 ms, found 2 plugins.
Preloading 0 native plugins for Editor in 0.00 ms.
Unloading 2619 Unused Serialized files (Serialized files now loaded: 0)
System memory in use before: 123.8 MB.
System memory in use after: 121.0 MB.

Unloading 49 unused Assets to reduce memory usage. Loaded Objects now: 3201.
Total: 8.055600 ms (FindLiveObjects: 0.395700 ms CreateObjectMapping: 0.331500 ms MarkObjects: 5.621400 ms  DeleteObjects: 1.705500 ms)

========================================================================
Received Prepare
Registering precompiled user dll's ...
Registered in 0.009286 seconds.
Begin MonoManager ReloadAssembly
Native extension for WindowsStandalone target not found
Native extension for WebGL target not found
Refreshing native plugins compatible for Editor in 0.51 ms, found 2 plugins.
Preloading 0 native plugins for Editor in 0.00 ms.
Mono: successfully reloaded assembly
- Completed reload, in  1.339 seconds
Platform modules already initialized, skipping
Shader 'Universal Render Pipeline/Particles/Lit': fallback shader 'Universal Render Pipeline/Particles/SimpleLit' not found
Shader 'Universal Render Pipeline/Particles/Lit': fallback shader 'Universal Render Pipeline/Particles/SimpleLit' not found
Refreshing native plugins compatible for Editor in 0.53 ms, found 2 plugins.
Preloading 0 native plugins for Editor in 0.00 ms.
Unloading 2619 Unused Serialized files (Serialized files now loaded: 0)
System memory in use before: 123.8 MB.
System memory in use after: 121.0 MB.

Unloading 49 unused Assets to reduce memory usage. Loaded Objects now: 3204.
Total: 4.591900 ms (FindLiveObjects: 0.319700 ms CreateObjectMapping: 0.155100 ms MarkObjects: 2.300800 ms  DeleteObjects: 1.814900 ms)

========================================================================
Received Prepare
Registering precompiled user dll's ...
Registered in 0.009806 seconds.
Begin MonoManager ReloadAssembly
Native extension for WindowsStandalone target not found
Native extension for WebGL target not found
Refreshing native plugins compatible for Editor in 0.56 ms, found 2 plugins.
Preloading 0 native plugins for Editor in 0.00 ms.
Mono: successfully reloaded assembly
- Completed reload, in  1.399 seconds
Platform modules already initialized, skipping
Shader 'Universal Render Pipeline/Particles/Lit': fallback shader 'Universal Render Pipeline/Particles/SimpleLit' not found
Shader 'Universal Render Pipeline/Particles/Lit': fallback shader 'Universal Render Pipeline/Particles/SimpleLit' not found
Refreshing native plugins compatible for Editor in 0.53 ms, found 2 plugins.
Preloading 0 native plugins for Editor in 0.00 ms.
Unloading 2619 Unused Serialized files (Serialized files now loaded: 0)
System memory in use before: 123.8 MB.
System memory in use after: 121.0 MB.

Unloading 49 unused Assets to reduce memory usage. Loaded Objects now: 3207.
Total: 4.179300 ms (FindLiveObjects: 0.307100 ms CreateObjectMapping: 0.149200 ms MarkObjects: 2.134200 ms  DeleteObjects: 1.587200 ms)

